<?xml version="1.0" encoding="UTF-8"?>
<!-- Generated by org.testng.reporters.JUnitReportReporter -->
<testsuite hostname="IN-6ZNN6S3" failures="0" tests="2" name="flipkartAutomate.testFiles.HelplineFunctionalityTest" time="13.096" errors="0" timestamp="2024-06-14T11:42:27 IST" skipped="0">
  <testcase classname="flipkartAutomate.testFiles.HelplineFunctionalityTest" name="testHelplineFeature" time="6.532"/>
  <testcase classname="flipkartAutomate.testFiles.HelplineFunctionalityTest" name="testHelplineDisagreeFeature" time="6.564"/>
</testsuite> <!-- flipkartAutomate.testFiles.HelplineFunctionalityTest -->
