<?xml version="1.0" encoding="UTF-8"?>
<!-- Generated by org.testng.reporters.JUnitReportReporter -->
<testsuite hostname="IN-6ZNN6S3" failures="0" tests="1" name="flipkartAutomate.testFiles.LoginTest" time="8.058" errors="0" timestamp="2024-06-14T11:42:27 IST" skipped="0">
  <testcase classname="flipkartAutomate.testFiles.LoginTest" name="testInvalidLogin" time="8.058"/>
</testsuite> <!-- flipkartAutomate.testFiles.LoginTest -->
