<?xml version="1.0" encoding="UTF-8"?>
<!-- Generated by org.testng.reporters.JUnitReportReporter -->
<testsuite hostname="IN-6ZNN6S3" failures="0" tests="1" name="flipkartAutomate.testFiles.CategoryDropdownTest" time="0.000" errors="0" timestamp="2024-06-14T11:42:27 IST" skipped="1">
  <testcase classname="flipkartAutomate.testFiles.CategoryDropdownTest" name="testCategory" time="0.000">
    <skipped/>
  </testcase> <!-- testCategory -->
</testsuite> <!-- flipkartAutomate.testFiles.CategoryDropdownTest -->
